#
# A fatal error has been detected by the Java Runtime Environment:
#
#  EXCEPTION_ACCESS_VIOLATION (0xc0000005) at pc=0x6889a51d, pid=1564, tid=4052
#
# JRE version: 7.0_07-b11
# Java VM: Java HotSpot(TM) Server VM (23.3-b01 mixed mode windows-x86 )
# Problematic frame:
# V  [jvm.dll+0x33a51d]
#
# Failed to write core dump. Minidumps are not enabled by default on client versions of Windows
#
# If you would like to submit a bug report, please visit:
#   http://bugreport.sun.com/bugreport/crash.jsp
#

---------------  T H R E A D  ---------------

Current thread (0x485db400):  JavaThread "C2 CompilerThread0" daemon [_thread_in_native, id=4052, stack(0x48820000,0x48870000)]

siginfo: ExceptionCode=0xc0000005, reading address 0x00000038

Registers:
EAX=0x00000000, EBX=0x4cab21cc, ECX=0x4886e8a8, EDX=0x4dd1a6c4
ESP=0x4886dff4, EBP=0x4886e004, ESI=0x00400000, EDI=0x4cab21cc
EIP=0x6889a51d, EFLAGS=0x00010216

Top of Stack: (sp=0x4886dff4)
0x4886dff4:   4933206c 4cab21cc 4886e8a8 4886e028
0x4886e004:   4886e028 6889a89b 00400000 00000000
0x4886e014:   00000000 4933206c 00000000 4cab2278
0x4886e024:   4886e8a8 4886e11c 6889b7aa 00400000
0x4886e034:   4933206c 00000000 00003f42 4db336d8
0x4886e044:   48af5a90 00000000 00000002 00000000
0x4886e054:   48b1eca8 00000026 00000000 4886e8a8
0x4886e064:   4c371d40 7725dd8e 00000000 4e8c0048 

Instructions: (pc=0x6889a51d)
0x6889a4fd:   5b 8b e5 5d c2 08 00 5f 5e 32 c0 5b 8b e5 5d c2
0x6889a50d:   08 00 cc 55 8b ec 83 ec 08 53 56 8b 75 08 8b 06
0x6889a51d:   8b 50 38 57 8b f9 8b ce 89 7d fc ff d2 8b d8 89
0x6889a52d:   5d f8 85 db 0f 84 1c 01 00 00 83 fb 08 0f 84 13 


Register to memory mapping:

EAX=0x00000000 is an unknown value
EBX=0x4cab21cc is an unknown value
ECX=0x4886e8a8 is pointing into the stack for thread: 0x485db400
EDX=0x4dd1a6c4 is an unknown value
ESP=0x4886dff4 is pointing into the stack for thread: 0x485db400
EBP=0x4886e004 is pointing into the stack for thread: 0x485db400
ESI=0x00400000 is an unknown value
EDI=0x4cab21cc is an unknown value


Stack: [0x48820000,0x48870000],  sp=0x4886dff4,  free space=311k
Native frames: (J=compiled Java code, j=interpreted, Vv=VM code, C=native code)
V  [jvm.dll+0x33a51d]
V  [jvm.dll+0x33a89b]
V  [jvm.dll+0x33b7aa]
V  [jvm.dll+0x2bea3b]
V  [jvm.dll+0x2c5916]
V  [jvm.dll+0x2c6d54]
V  [jvm.dll+0x2b3c89]
V  [jvm.dll+0x510be]
V  [jvm.dll+0x51634]
V  [jvm.dll+0x15e377]
V  [jvm.dll+0x15e4e0]
V  [jvm.dll+0x192f89]
C  [msvcr100.dll+0x5c6de]  endthreadex+0x3a
C  [msvcr100.dll+0x5c788]  endthreadex+0xe4
C  [KERNEL32.DLL+0x283db]  BaseThreadInitThunk+0xe
C  [ntdll.dll+0x59a3f]  RtlInitializeExceptionChain+0x85
C  [ntdll.dll+0x59a12]  RtlInitializeExceptionChain+0x58


Current CompileTask:
C2: 121865 1392             org.springframework.asm.ClassReader::accept (4725 bytes)


---------------  P R O C E S S  ---------------

Java Threads: ( => current thread )
  0x4cf4bc00 JavaThread "br.com.webbook.Authority.data" daemon [_thread_blocked, id=4948, stack(0x4e400000,0x4e450000)]
  0x4cf4b400 JavaThread "net.sf.ehcache.CacheManager@d45942" daemon [_thread_blocked, id=4044, stack(0x4e2b0000,0x4e300000)]
  0x4cf4a800 JavaThread "localhost-startStop-1" daemon [_thread_in_native, id=1696, stack(0x4e3b0000,0x4e400000)]
  0x4cf4a000 JavaThread "Tomcat-startStop-1" daemon [_thread_blocked, id=6060, stack(0x4abd0000,0x4ac20000)]
  0x4cf49000 JavaThread "pool-4-thread-5" [_thread_blocked, id=3956, stack(0x4e220000,0x4e270000)]
  0x4cf4b000 JavaThread "pool-4-thread-4" [_thread_blocked, id=2432, stack(0x4e190000,0x4e1e0000)]
  0x4cf48800 JavaThread "pool-4-thread-3" [_thread_blocked, id=6660, stack(0x4e100000,0x4e150000)]
  0x4cf49c00 JavaThread "pool-4-thread-2" [_thread_blocked, id=2696, stack(0x4e070000,0x4e0c0000)]
  0x4cf49400 JavaThread "pool-4-thread-1" [_thread_blocked, id=1924, stack(0x4dfe0000,0x4e030000)]
  0x4c9dd800 JavaThread "pool-3-thread-5" [_thread_blocked, id=380, stack(0x4b000000,0x4b050000)]
  0x4d1b2400 JavaThread "pool-3-thread-4" [_thread_blocked, id=1988, stack(0x4af70000,0x4afc0000)]
  0x4a7cd800 JavaThread "pool-3-thread-3" [_thread_blocked, id=2616, stack(0x4adc0000,0x4ae10000)]
  0x4be99000 JavaThread "pool-3-thread-2" [_thread_blocked, id=3768, stack(0x4ad30000,0x4ad80000)]
  0x49d02400 JavaThread "pool-3-thread-1" [_thread_blocked, id=6448, stack(0x4aca0000,0x4acf0000)]
  0x4b827c00 JavaThread "FileSystemWatcher: files=#301 cl=java.net.URLClassLoader@3800b5" daemon [_thread_blocked, id=2976, stack(0x4aee0000,0x4af30000)]
  0x4ccfb800 JavaThread "FileSystemWatcher: files=#4 cl=groovy.lang.GroovyClassLoader@3d0908" daemon [_thread_blocked, id=4180, stack(0x4ab40000,0x4ab90000)]
  0x4a56b400 JavaThread "pool-2-thread-1" [_thread_blocked, id=3456, stack(0x4aa90000,0x4aae0000)]
  0x4a4b8800 JavaThread "Synchronizer (Spring UAA/1.0.1)" daemon [_thread_blocked, id=3180, stack(0x4aa00000,0x4aa50000)]
  0x485b3800 JavaThread "Service Thread" daemon [_thread_blocked, id=6240, stack(0x48940000,0x48990000)]
  0x485b3000 JavaThread "C2 CompilerThread1" daemon [_thread_in_native, id=4912, stack(0x488b0000,0x48900000)]
=>0x485db400 JavaThread "C2 CompilerThread0" daemon [_thread_in_native, id=4052, stack(0x48820000,0x48870000)]
  0x48596800 JavaThread "Attach Listener" daemon [_thread_blocked, id=6540, stack(0x48790000,0x487e0000)]
  0x48592000 JavaThread "Signal Dispatcher" daemon [_thread_blocked, id=328, stack(0x48700000,0x48750000)]
  0x4854a800 JavaThread "Finalizer" daemon [_thread_blocked, id=6084, stack(0x48670000,0x486c0000)]
  0x48546000 JavaThread "Reference Handler" daemon [_thread_blocked, id=3780, stack(0x01100000,0x01150000)]
  0x010fc400 JavaThread "main" [_thread_blocked, id=2972, stack(0x00850000,0x008a0000)]

Other Threads:
  0x48542400 VMThread [stack: 0x00b20000,0x00b70000] [id=1148]
  0x485c3c00 WatcherThread [stack: 0x489d0000,0x48a20000] [id=4540]

VM state:not at safepoint (normal execution)

VM Mutex/Monitor currently owned by a thread: None

Heap
 PSYoungGen      total 239936K, used 158586K [0x35720000, 0x45720000, 0x45720000)
  eden space 216064K, 70% used [0x35720000,0x3eb42f00,0x42a20000)
  from space 23872K, 28% used [0x43fd0000,0x4468bc50,0x45720000)
  to   space 22208K, 0% used [0x42a20000,0x42a20000,0x43fd0000)
 ParOldGen       total 524288K, used 124570K [0x15720000, 0x35720000, 0x35720000)
  object space 524288K, 23% used [0x15720000,0x1d0c6930,0x35720000)
 PSPermGen       total 262144K, used 48996K [0x05720000, 0x15720000, 0x15720000)
  object space 262144K, 18% used [0x05720000,0x086f9330,0x15720000)

Card table byte_map: [0x45720000,0x45930000] byte_map_base: 0x456f4700

Polling page: 0x00c00000

Code Cache  [0x02660000, 0x02c78000, 0x05660000)
 total_blobs=1716 nmethods=1286 adapters=381 free_code_cache=43003Kb largest_free_block=43957824

Compilation events (10 events):
Event: 120.795 Thread 0x485b3000 nmethod 1400 0x02a84248 code [0x02a84400, 0x02a84ccc]
Event: 120.831 Thread 0x485b3000 1401             com.springsource.loaded.ReloadableType::changed (119 bytes)
Event: 120.832 Thread 0x485b3000 nmethod 1401 0x02a84088 code [0x02a84180, 0x02a841f0]
Event: 120.854 Thread 0x485b3000 1402             java.util.Formatter::checkText (58 bytes)
Event: 120.866 Thread 0x485b3000 nmethod 1402 0x0283b808 code [0x0283b900, 0x0283badc]
Event: 121.013 Thread 0x485b3000 1403             java.lang.reflect.Field::getDeclaringClass (5 bytes)
Event: 121.014 Thread 0x485b3000 nmethod 1403 0x02b37c88 code [0x02b37d80, 0x02b37dd0]
Event: 121.068 Thread 0x485b3000 1404             java.util.HashSet::iterator (13 bytes)
Event: 121.077 Thread 0x485b3000 nmethod 1404 0x02a87188 code [0x02a872a0, 0x02a87410]
Event: 121.195 Thread 0x485b3000 1405             java.beans.Introspector::processPropertyDescriptors (699 bytes)

GC Heap History (10 events):
Event: 110.835 GC heap before
{Heap before GC invocations=24 (full 0):
 PSYoungGen      total 232960K, used 211867K [0x35720000, 0x45720000, 0x45720000)
  eden space 204992K, 100% used [0x35720000,0x41f50000,0x41f50000)
  from space 27968K, 24% used [0x41f50000,0x42606f28,0x43aa0000)
  to   space 26560K, 0% used [0x43d30000,0x43d30000,0x45720000)
 ParOldGen       total 524288K, used 114669K [0x15720000, 0x35720000, 0x35720000)
  object space 524288K, 21% used [0x15720000,0x1c71b510,0x35720000)
 PSPermGen       total 262144K, used 43062K [0x05720000, 0x15720000, 0x15720000)
  object space 262144K, 16% used [0x05720000,0x0812da58,0x15720000)
Event: 110.885 GC heap after
Heap after GC invocations=24 (full 0):
 PSYoungGen      total 236416K, used 3690K [0x35720000, 0x45720000, 0x45720000)
  eden space 209856K, 0% used [0x35720000,0x35720000,0x42410000)
  from space 26560K, 13% used [0x43d30000,0x440caa88,0x45720000)
  to   space 25728K, 0% used [0x42410000,0x42410000,0x43d30000)
 ParOldGen       total 524288K, used 121118K [0x15720000, 0x35720000, 0x35720000)
  object space 524288K, 23% used [0x15720000,0x1cd67be0,0x35720000)
 PSPermGen       total 262144K, used 43062K [0x05720000, 0x15720000, 0x15720000)
  object space 262144K, 16% used [0x05720000,0x0812da58,0x15720000)
}
Event: 113.159 GC heap before
{Heap before GC invocations=25 (full 0):
 PSYoungGen      total 236416K, used 204192K [0x35720000, 0x45720000, 0x45720000)
  eden space 209856K, 95% used [0x35720000,0x41aed820,0x42410000)
  from space 26560K, 13% used [0x43d30000,0x440caa88,0x45720000)
  to   space 25728K, 0% used [0x42410000,0x42410000,0x43d30000)
 ParOldGen       total 524288K, used 121118K [0x15720000, 0x35720000, 0x35720000)
  object space 524288K, 23% used [0x15720000,0x1cd67be0,0x35720000)
 PSPermGen       total 262144K, used 44446K [0x05720000, 0x15720000, 0x15720000)
  object space 262144K, 16% used [0x05720000,0x08287ba0,0x15720000)
Event: 113.179 GC heap after
Heap after GC invocations=25 (full 0):
 PSYoungGen      total 235584K, used 2297K [0x35720000, 0x45720000, 0x45720000)
  eden space 209856K, 0% used [0x35720000,0x35720000,0x42410000)
  from space 25728K, 8% used [0x42410000,0x4264e638,0x43d30000)
  to   space 25088K, 0% used [0x43ea0000,0x43ea0000,0x45720000)
 ParOldGen       total 524288K, used 123519K [0x15720000, 0x35720000, 0x35720000)
  object space 524288K, 23% used [0x15720000,0x1cfbfdb0,0x35720000)
 PSPermGen       total 262144K, used 44446K [0x05720000, 0x15720000, 0x15720000)
  object space 262144K, 16% used [0x05720000,0x08287ba0,0x15720000)
}
Event: 114.237 GC heap before
{Heap before GC invocations=26 (full 0):
 PSYoungGen      total 235584K, used 203908K [0x35720000, 0x45720000, 0x45720000)
  eden space 209856K, 96% used [0x35720000,0x41c02d50,0x42410000)
  from space 25728K, 8% used [0x42410000,0x4264e638,0x43d30000)
  to   space 25088K, 0% used [0x43ea0000,0x43ea0000,0x45720000)
 ParOldGen       total 524288K, used 123519K [0x15720000, 0x35720000, 0x35720000)
  object space 524288K, 23% used [0x15720000,0x1cfbfdb0,0x35720000)
 PSPermGen       total 262144K, used 45220K [0x05720000, 0x15720000, 0x15720000)
  object space 262144K, 17% used [0x05720000,0x08349348,0x15720000)
Event: 114.247 GC heap after
Heap after GC invocations=26 (full 0):
 PSYoungGen      total 237568K, used 1089K [0x35720000, 0x45720000, 0x45720000)
  eden space 212480K, 0% used [0x35720000,0x35720000,0x426a0000)
  from space 25088K, 4% used [0x43ea0000,0x43fb0590,0x45720000)
  to   space 24576K, 0% used [0x426a0000,0x426a0000,0x43ea0000)
 ParOldGen       total 524288K, used 124246K [0x15720000, 0x35720000, 0x35720000)
  object space 524288K, 23% used [0x15720000,0x1d075b60,0x35720000)
 PSPermGen       total 262144K, used 45220K [0x05720000, 0x15720000, 0x15720000)
  object space 262144K, 17% used [0x05720000,0x08349348,0x15720000)
}
Event: 115.635 GC heap before
{Heap before GC invocations=27 (full 0):
 PSYoungGen      total 237568K, used 204255K [0x35720000, 0x45720000, 0x45720000)
  eden space 212480K, 95% used [0x35720000,0x41d87820,0x426a0000)
  from space 25088K, 4% used [0x43ea0000,0x43fb0590,0x45720000)
  to   space 24576K, 0% used [0x426a0000,0x426a0000,0x43ea0000)
 ParOldGen       total 524288K, used 124246K [0x15720000, 0x35720000, 0x35720000)
  object space 524288K, 23% used [0x15720000,0x1d075b60,0x35720000)
 PSPermGen       total 262144K, used 46087K [0x05720000, 0x15720000, 0x15720000)
  object space 262144K, 17% used [0x05720000,0x08421ff0,0x15720000)
Event: 115.649 GC heap after
Heap after GC invocations=27 (full 0):
 PSYoungGen      total 237056K, used 1182K [0x35720000, 0x45720000, 0x45720000)
  eden space 212480K, 0% used [0x35720000,0x35720000,0x426a0000)
  from space 24576K, 4% used [0x426a0000,0x427c7be0,0x43ea0000)
  to   space 23872K, 0% used [0x43fd0000,0x43fd0000,0x45720000)
 ParOldGen       total 524288K, used 124356K [0x15720000, 0x35720000, 0x35720000)
  object space 524288K, 23% used [0x15720000,0x1d091368,0x35720000)
 PSPermGen       total 262144K, used 46087K [0x05720000, 0x15720000, 0x15720000)
  object space 262144K, 17% used [0x05720000,0x08421ff0,0x15720000)
}
Event: 119.356 GC heap before
{Heap before GC invocations=28 (full 0):
 PSYoungGen      total 237056K, used 213662K [0x35720000, 0x45720000, 0x45720000)
  eden space 212480K, 100% used [0x35720000,0x426a0000,0x426a0000)
  from space 24576K, 4% used [0x426a0000,0x427c7be0,0x43ea0000)
  to   space 23872K, 0% used [0x43fd0000,0x43fd0000,0x45720000)
 ParOldGen       total 524288K, used 124356K [0x15720000, 0x35720000, 0x35720000)
  object space 524288K, 23% used [0x15720000,0x1d091368,0x35720000)
 PSPermGen       total 262144K, used 48659K [0x05720000, 0x15720000, 0x15720000)
  object space 262144K, 18% used [0x05720000,0x086a4c78,0x15720000)
Event: 119.387 GC heap after
Heap after GC invocations=28 (full 0):
 PSYoungGen      total 239936K, used 6895K [0x35720000, 0x45720000, 0x45720000)
  eden space 216064K, 0% used [0x35720000,0x35720000,0x42a20000)
  from space 23872K, 28% used [0x43fd0000,0x4468bc50,0x45720000)
  to   space 22208K, 0% used [0x42a20000,0x42a20000,0x43fd0000)
 ParOldGen       total 524288K, used 124570K [0x15720000, 0x35720000, 0x35720000)
  object space 524288K, 23% used [0x15720000,0x1d0c6930,0x35720000)
 PSPermGen       total 262144K, used 48659K [0x05720000, 0x15720000, 0x15720000)
  object space 262144K, 18% used [0x05720000,0x086a4c78,0x15720000)
}

Deoptimization events (10 events):
Event: 115.994 Thread 0x4cf4a800 Uncommon trap -83 fr.pc 0x028a24a0
Event: 116.001 Thread 0x4cf4a800 Uncommon trap -42 fr.pc 0x02ada564
Event: 116.001 Thread 0x4cf4a800 Uncommon trap -42 fr.pc 0x02ada564
Event: 116.004 Thread 0x4cf4a800 Uncommon trap -58 fr.pc 0x027f19c8
Event: 116.004 Thread 0x4cf4a800 Uncommon trap -58 fr.pc 0x027f19c8
Event: 116.275 Thread 0x4cf4a800 Uncommon trap -42 fr.pc 0x02ada564
Event: 116.277 Thread 0x4cf4a800 Uncommon trap -58 fr.pc 0x027f19c8
Event: 116.277 Thread 0x4cf4a800 Uncommon trap -58 fr.pc 0x027f19c8
Event: 119.720 Thread 0x4cf4a800 Uncommon trap -34 fr.pc 0x02a15bf4
Event: 119.753 Thread 0x4cf4a800 Uncommon trap -34 fr.pc 0x02a15bf4

Internal exceptions (10 events):
Event: 121.465 Thread 0x4cf4a800 Threw 0x3e62ad88 at C:\jdk7u1_32P\jdk7u7\hotspot\src\share\vm\prims\jvm.cpp:1166
Event: 121.465 Thread 0x4cf4a800 Threw 0x3e62b758 at C:\jdk7u1_32P\jdk7u7\hotspot\src\share\vm\classfile\systemDictionary.cpp:179
Event: 121.466 Thread 0x4cf4a800 Threw 0x3e645438 at C:\jdk7u1_32P\jdk7u7\hotspot\src\share\vm\prims\jvm.cpp:1166
Event: 121.467 Thread 0x4cf4a800 Threw 0x3e646468 at C:\jdk7u1_32P\jdk7u7\hotspot\src\share\vm\prims\jvm.cpp:1166
Event: 121.467 Thread 0x4cf4a800 Threw 0x3e647708 at C:\jdk7u1_32P\jdk7u7\hotspot\src\share\vm\prims\jvm.cpp:1166
Event: 121.468 Thread 0x4cf4a800 Threw 0x3e661780 at C:\jdk7u1_32P\jdk7u7\hotspot\src\share\vm\prims\jvm.cpp:1166
Event: 121.468 Thread 0x4cf4a800 Threw 0x3e662780 at C:\jdk7u1_32P\jdk7u7\hotspot\src\share\vm\prims\jvm.cpp:1166
Event: 121.468 Thread 0x4cf4a800 Threw 0x3e663a20 at C:\jdk7u1_32P\jdk7u7\hotspot\src\share\vm\prims\jvm.cpp:1166
Event: 121.470 Thread 0x4cf4a800 Threw 0x3e66a308 at C:\jdk7u1_32P\jdk7u7\hotspot\src\share\vm\prims\jvm.cpp:1166
Event: 121.471 Thread 0x4cf4a800 Threw 0x3e670800 at C:\jdk7u1_32P\jdk7u7\hotspot\src\share\vm\prims\jvm.cpp:1166

Events (10 events):
Event: 121.460 loading class 0x4b77bff0
Event: 121.460 loading class 0x4b77bff0 done
Event: 121.462 loading class 0x4b77bff0
Event: 121.462 loading class 0x4b77bff0 done
Event: 121.465 loading class 0x4b77bff0
Event: 121.465 loading class 0x4b77bff0 done
Event: 121.466 loading class 0x4b77b0f0
Event: 121.466 loading class 0x4b77b0f0 done
Event: 121.468 loading class 0x4b77b0f0
Event: 121.468 loading class 0x4b77b0f0 done


Dynamic libraries:
0x00010000 - 0x0003f000 	C:\Program Files (x86)\Java\jdk1.7.0_07\bin\java.exe
0x77210000 - 0x77366000 	C:\Windows\SYSTEM32\ntdll.dll
0x75fd0000 - 0x76100000 	C:\Windows\SYSTEM32\KERNEL32.DLL
0x766d0000 - 0x76775000 	C:\Windows\SYSTEM32\KERNELBASE.dll
0x73bf0000 - 0x73c96000 	C:\Windows\system32\apphelp.dll
0x767e0000 - 0x7688e000 	C:\Windows\SYSTEM32\ADVAPI32.dll
0x748f0000 - 0x74a0e000 	C:\Windows\SYSTEM32\USER32.dll
0x74130000 - 0x74322000 	C:\Windows\WinSxS\x86_microsoft.windows.common-controls_6595b64144ccf1df_6.0.8400.0_none_937ea7ded97a3e38\COMCTL32.dll
0x76380000 - 0x76431000 	C:\Windows\SYSTEM32\msvcrt.dll
0x75f40000 - 0x75f73000 	C:\Windows\SYSTEM32\sechost.dll
0x76120000 - 0x761cc000 	C:\Windows\SYSTEM32\RPCRT4.dll
0x74bd0000 - 0x74cca000 	C:\Windows\SYSTEM32\GDI32.dll
0x748d0000 - 0x748ec000 	C:\Windows\SYSTEM32\SspiCli.dll
0x748c0000 - 0x748c9000 	C:\Windows\SYSTEM32\CRYPTBASE.dll
0x74860000 - 0x748b1000 	C:\Windows\SYSTEM32\bcryptPrimitives.dll
0x76100000 - 0x76120000 	C:\Windows\system32\IMM32.DLL
0x76f40000 - 0x7701b000 	C:\Windows\SYSTEM32\MSCTF.dll
0x747e0000 - 0x747e7000 	C:\PROGRA~2\NVIDIA~1\3DVISI~1\nvStInit.dll
0x74bc0000 - 0x74bc6000 	C:\Windows\SYSTEM32\PSAPI.DLL
0x74730000 - 0x747d3000 	C:\Windows\WinSxS\x86_microsoft.vc90.crt_1fc8b3b9a1e18e3b_9.0.30729.6750_none_509264d4bcb8ba45\MSVCR90.dll
0x69d70000 - 0x69e2e000 	C:\Program Files (x86)\Java\jdk1.7.0_07\jre\bin\msvcr100.dll
0x68560000 - 0x68a94000 	C:\Program Files (x86)\Java\jdk1.7.0_07\jre\bin\server\jvm.dll
0x74080000 - 0x74088000 	C:\Windows\SYSTEM32\WSOCK32.dll
0x73930000 - 0x73952000 	C:\Windows\SYSTEM32\WINMM.dll
0x76210000 - 0x7625f000 	C:\Windows\SYSTEM32\WS2_32.dll
0x73860000 - 0x7388a000 	C:\Windows\SYSTEM32\WINMMBASE.dll
0x766c0000 - 0x766c8000 	C:\Windows\SYSTEM32\NSI.dll
0x73d30000 - 0x73d3c000 	C:\Program Files (x86)\Java\jdk1.7.0_07\jre\bin\verify.dll
0x70e30000 - 0x70e50000 	C:\Program Files (x86)\Java\jdk1.7.0_07\jre\bin\java.dll
0x74410000 - 0x74430000 	C:\Program Files (x86)\Java\jdk1.7.0_07\jre\bin\instrument.dll
0x70d20000 - 0x70d33000 	C:\Program Files (x86)\Java\jdk1.7.0_07\jre\bin\zip.dll
0x73d10000 - 0x73d2a000 	C:\Windows\SYSTEM32\CRYPTSP.dll
0x73cd0000 - 0x73d0d000 	C:\Windows\system32\rsaenh.dll
0x738d0000 - 0x738ea000 	C:\Windows\SYSTEM32\USERENV.dll
0x73ca0000 - 0x73cb1000 	C:\Windows\SYSTEM32\profapi.dll
0x69d10000 - 0x69d24000 	C:\Program Files (x86)\Java\jdk1.7.0_07\jre\bin\net.dll
0x74580000 - 0x745cb000 	C:\Windows\system32\mswsock.dll
0x74570000 - 0x74580000 	C:\Windows\system32\napinsp.dll
0x74550000 - 0x74564000 	C:\Windows\system32\pnrpnsp.dll
0x74540000 - 0x74550000 	C:\Windows\system32\NLAapi.dll
0x74430000 - 0x744a6000 	C:\Windows\SYSTEM32\DNSAPI.dll
0x74530000 - 0x74539000 	C:\Windows\System32\winrnr.dll
0x744e0000 - 0x744e7000 	C:\Windows\System32\rasadhlp.dll
0x74330000 - 0x74352000 	C:\Windows\SYSTEM32\IPHLPAPI.DLL
0x744d0000 - 0x744d8000 	C:\Windows\SYSTEM32\WINNSI.DLL
0x744f0000 - 0x7452f000 	C:\Windows\System32\fwpuclnt.dll
0x72310000 - 0x7231f000 	C:\Program Files (x86)\Java\jdk1.7.0_07\jre\bin\nio.dll
0x49990000 - 0x499e4000 	C:\Users\Victor\AppData\Local\Temp\jna6466686908157661709.dll
0x00ea0000 - 0x00ea8000 	C:\Users\Victor\AppData\Local\Temp\jline_.dll
0x72370000 - 0x72390000 	C:\Program Files (x86)\Java\jdk1.7.0_07\jre\bin\sunec.dll
0x72360000 - 0x72369000 	C:\Program Files (x86)\Java\jdk1.7.0_07\jre\bin\sunmscapi.dll
0x76ad0000 - 0x76c56000 	C:\Windows\SYSTEM32\CRYPT32.dll
0x76eb0000 - 0x76ec2000 	C:\Windows\SYSTEM32\MSASN1.dll
0x6f850000 - 0x6f85a000 	C:\Program Files (x86)\Java\jdk1.7.0_07\jre\bin\management.dll
0x73ed0000 - 0x73ff9000 	C:\Windows\SYSTEM32\dbghelp.dll

VM Arguments:
jvm_args: -Xmx768M -Xms768M -XX:PermSize=256m -XX:MaxPermSize=256m -Dfile.encoding=UTF-8 -Dserver.port=8080 -Djline.WindowsTerminal.directConsole=false -javaagent:D:/workspace/grails-2.1.1/lib/com.springsource.springloaded/springloaded-core/jars/springloaded-core-1.0.6.jar -Xverify:none -Dspringloaded=profile=grails;cacheDir=D:\Users\Victor/.grails/2.1.1/ -Dprogram.name= -Dgrails.home=D:\workspace\grails-2.1.1 -Dgrails.version=2.1.1 -Dbase.dir=. -Dtools.jar=C:\Program Files (x86)\Java\jdk1.7.0_07\lib\tools.jar -Dgroovy.starter.conf=D:\workspace\grails-2.1.1\conf\groovy-starter.conf 
java_command: org.codehaus.groovy.grails.cli.support.GrailsStarter --main org.codehaus.groovy.grails.cli.support.GrailsStarter --conf D:\workspace\grails-2.1.1\conf\groovy-starter.conf --classpath   run-app
Launcher Type: SUN_STANDARD

Environment Variables:
JAVA_HOME=C:\Program Files (x86)\Java\jdk1.7.0_07
PATH=C:\Program Files (x86)\Arduino\Arduino ERW 1.0.1f\hardware\tools\avr\bin;C:\Program Files (x86)\NVIDIA Corporation\PhysX\Common;C:\Windows;C:\Windows\system32;C:\Windows\System32\Wbem;C:\Windows\System32\WindowsPowerShell\v1.0\;C:\Program Files\Internet Explorer
USERNAME=Victor
OS=Windows_NT
PROCESSOR_IDENTIFIER=Intel64 Family 6 Model 42 Stepping 7, GenuineIntel



---------------  S Y S T E M  ---------------

OS: Windows 8 , 64 bit Build 8400 

CPU:total 4 (2 cores per cpu, 2 threads per core) family 6 model 42 stepping 7, cmov, cx8, fxsr, mmx, sse, sse2, sse3, ssse3, sse4.1, sse4.2, popcnt, avx, ht, tsc, tscinvbit

Memory: 4k page, physical 4175724k(885872k free), swap 6549968k(797992k free)

vm_info: Java HotSpot(TM) Server VM (23.3-b01) for windows-x86 JRE (1.7.0_07-b11), built on Sep  7 2012 01:36:57 by "java_re" with unknown MS VC++:1600

time: Tue Oct 30 09:50:16 2012
elapsed time: 121 seconds

